

Version:	3.12
CmdLine:	E:\LINKACADEMY PROIECT FINAL 2020\2. Alte aplicatii facute de mine\ATM\ATMBun.exe --l4j-debug
WOW64:		yes
Create mutex:	ATM
Working dir:	E:\LINKACADEMY PROIECT FINAL 2020\2. Alte aplicatii facute de mine\ATM\.
Java min ver:	1.008.000
Java max ver:	
64-bit search:	SOFTWARE\JavaSoft\Java Runtime Environment...
Check:		SOFTWARE\JavaSoft\Java Runtime Environment\1.6
Ignore:		1.006.000
Check:		SOFTWARE\JavaSoft\Java Runtime Environment\1.6.0_45
Ignore:		1.006.000_045
Check:		SOFTWARE\JavaSoft\Java Runtime Environment\1.8
Check launcher:	C:\Program Files\Java\jre1.8.0_221\bin\javaw.exe (OK)
Match:		1.008.000
Check:		SOFTWARE\JavaSoft\Java Runtime Environment\1.8.0_191
Check launcher:	C:\Program Files\Java\jre1.8.0_191\bin\javaw.exe (OK)
Match:		1.008.000_191
Check:		SOFTWARE\JavaSoft\Java Runtime Environment\1.8.0_221
Check launcher:	C:\Program Files\Java\jre1.8.0_221\bin\javaw.exe (OK)
Match:		1.008.000_221
64-bit search:	SOFTWARE\JavaSoft\Java Development Kit...
Check:		SOFTWARE\JavaSoft\Java Development Kit\1.6
Ignore:		1.006.000
Check:		SOFTWARE\JavaSoft\Java Development Kit\1.6.0_45
Ignore:		1.006.000_045
Check:		SOFTWARE\JavaSoft\Java Development Kit\1.8
Ignore:		1.008.000
Check:		SOFTWARE\JavaSoft\Java Development Kit\1.8.0_191
Ignore:		1.008.000_191
Check:		SOFTWARE\JavaSoft\Java Development Kit\1.8.0_211
Ignore:		1.008.000_211
Check:		SOFTWARE\JavaSoft\Java Development Kit\1.8.0_221
Ignore:		1.008.000_221
64-bit search:	SOFTWARE\JavaSoft\JRE...
64-bit search:	SOFTWARE\JavaSoft\JDK...
Check:		SOFTWARE\JavaSoft\JDK\11.0.1
Check launcher:	C:\Program Files\Java\jdk-11.0.1\bin\javaw.exe (OK)
Match:		1.011.000_001
Runtime used:	1.011.000_001 (64-bit)
Launcher:	C:\Program Files\Java\jdk-11.0.1\bin\javaw.exe
Launcher args:	-jar "E:\LINKACADEMY PROIECT FINAL 2020\2. Alte aplicatii facute de mine\ATM\ATMBun.exe"
Args length:	88/32768 chars
Exit code:	0


Version:	3.12
CmdLine:	E:\LINKACADEMY PROIECT FINAL 2020\2. Alte aplicatii facute de mine\ATM\ATMBun.exe --l4j-debug
WOW64:		yes
Create mutex:	ATM
Working dir:	E:\LINKACADEMY PROIECT FINAL 2020\2. Alte aplicatii facute de mine\ATM\.
Java min ver:	1.008.000
Java max ver:	
64-bit search:	SOFTWARE\JavaSoft\Java Runtime Environment...
Check:		SOFTWARE\JavaSoft\Java Runtime Environment\1.6
Ignore:		1.006.000
Check:		SOFTWARE\JavaSoft\Java Runtime Environment\1.6.0_45
Ignore:		1.006.000_045
Check:		SOFTWARE\JavaSoft\Java Runtime Environment\1.8
Check launcher:	C:\Program Files\Java\jre1.8.0_221\bin\javaw.exe (OK)
Match:		1.008.000
Check:		SOFTWARE\JavaSoft\Java Runtime Environment\1.8.0_191
Check launcher:	C:\Program Files\Java\jre1.8.0_191\bin\javaw.exe (OK)
Match:		1.008.000_191
Check:		SOFTWARE\JavaSoft\Java Runtime Environment\1.8.0_221
Check launcher:	C:\Program Files\Java\jre1.8.0_221\bin\javaw.exe (OK)
Match:		1.008.000_221
64-bit search:	SOFTWARE\JavaSoft\Java Development Kit...
Check:		SOFTWARE\JavaSoft\Java Development Kit\1.6
Ignore:		1.006.000
Check:		SOFTWARE\JavaSoft\Java Development Kit\1.6.0_45
Ignore:		1.006.000_045
Check:		SOFTWARE\JavaSoft\Java Development Kit\1.8
Ignore:		1.008.000
Check:		SOFTWARE\JavaSoft\Java Development Kit\1.8.0_191
Ignore:		1.008.000_191
Check:		SOFTWARE\JavaSoft\Java Development Kit\1.8.0_211
Ignore:		1.008.000_211
Check:		SOFTWARE\JavaSoft\Java Development Kit\1.8.0_221
Ignore:		1.008.000_221
64-bit search:	SOFTWARE\JavaSoft\JRE...
64-bit search:	SOFTWARE\JavaSoft\JDK...
Check:		SOFTWARE\JavaSoft\JDK\11.0.1
Check launcher:	C:\Program Files\Java\jdk-11.0.1\bin\javaw.exe (OK)
Match:		1.011.000_001
Runtime used:	1.011.000_001 (64-bit)
Launcher:	C:\Program Files\Java\jdk-11.0.1\bin\javaw.exe
Launcher args:	-jar "E:\LINKACADEMY PROIECT FINAL 2020\2. Alte aplicatii facute de mine\ATM\ATMBun.exe"
Args length:	88/32768 chars
Exit code:	0


Version:	3.12
CmdLine:	E:\LINKACADEMY PROIECT FINAL 2020\2. Alte aplicatii facute de mine\ATM\ATMBun.exe --l4j-debug
WOW64:		yes
Create mutex:	ATM
Working dir:	E:\LINKACADEMY PROIECT FINAL 2020\2. Alte aplicatii facute de mine\ATM\.
Java min ver:	1.008.000
Java max ver:	
64-bit search:	SOFTWARE\JavaSoft\Java Runtime Environment...
Check:		SOFTWARE\JavaSoft\Java Runtime Environment\1.6
Ignore:		1.006.000
Check:		SOFTWARE\JavaSoft\Java Runtime Environment\1.6.0_45
Ignore:		1.006.000_045
Check:		SOFTWARE\JavaSoft\Java Runtime Environment\1.8
Check launcher:	C:\Program Files\Java\jre1.8.0_221\bin\javaw.exe (OK)
Match:		1.008.000
Check:		SOFTWARE\JavaSoft\Java Runtime Environment\1.8.0_191
Check launcher:	C:\Program Files\Java\jre1.8.0_191\bin\javaw.exe (OK)
Match:		1.008.000_191
Check:		SOFTWARE\JavaSoft\Java Runtime Environment\1.8.0_221
Check launcher:	C:\Program Files\Java\jre1.8.0_221\bin\javaw.exe (OK)
Match:		1.008.000_221
64-bit search:	SOFTWARE\JavaSoft\Java Development Kit...
Check:		SOFTWARE\JavaSoft\Java Development Kit\1.6
Ignore:		1.006.000
Check:		SOFTWARE\JavaSoft\Java Development Kit\1.6.0_45
Ignore:		1.006.000_045
Check:		SOFTWARE\JavaSoft\Java Development Kit\1.8
Ignore:		1.008.000
Check:		SOFTWARE\JavaSoft\Java Development Kit\1.8.0_191
Ignore:		1.008.000_191
Check:		SOFTWARE\JavaSoft\Java Development Kit\1.8.0_211
Ignore:		1.008.000_211
Check:		SOFTWARE\JavaSoft\Java Development Kit\1.8.0_221
Ignore:		1.008.000_221
64-bit search:	SOFTWARE\JavaSoft\JRE...
64-bit search:	SOFTWARE\JavaSoft\JDK...
Check:		SOFTWARE\JavaSoft\JDK\11.0.1
Check launcher:	C:\Program Files\Java\jdk-11.0.1\bin\javaw.exe (OK)
Match:		1.011.000_001
Runtime used:	1.011.000_001 (64-bit)
Launcher:	C:\Program Files\Java\jdk-11.0.1\bin\javaw.exe
Launcher args:	-jar "E:\LINKACADEMY PROIECT FINAL 2020\2. Alte aplicatii facute de mine\ATM\ATMBun.exe"
Args length:	88/32768 chars
Exit code:	0


Version:	3.12
CmdLine:	E:\LINKACADEMY PROIECT FINAL 2020\2. Alte aplicatii facute de mine\ATM\ATMBun.exe --l4j-debug
WOW64:		yes
Create mutex:	ATM
Working dir:	E:\LINKACADEMY PROIECT FINAL 2020\2. Alte aplicatii facute de mine\ATM\.
Java min ver:	1.008.000
Java max ver:	
64-bit search:	SOFTWARE\JavaSoft\Java Runtime Environment...
Check:		SOFTWARE\JavaSoft\Java Runtime Environment\1.6
Ignore:		1.006.000
Check:		SOFTWARE\JavaSoft\Java Runtime Environment\1.6.0_45
Ignore:		1.006.000_045
Check:		SOFTWARE\JavaSoft\Java Runtime Environment\1.8
Check launcher:	C:\Program Files\Java\jre1.8.0_221\bin\javaw.exe (OK)
Match:		1.008.000
Check:		SOFTWARE\JavaSoft\Java Runtime Environment\1.8.0_191
Check launcher:	C:\Program Files\Java\jre1.8.0_191\bin\javaw.exe (OK)
Match:		1.008.000_191
Check:		SOFTWARE\JavaSoft\Java Runtime Environment\1.8.0_221
Check launcher:	C:\Program Files\Java\jre1.8.0_221\bin\javaw.exe (OK)
Match:		1.008.000_221
64-bit search:	SOFTWARE\JavaSoft\Java Development Kit...
Check:		SOFTWARE\JavaSoft\Java Development Kit\1.6
Ignore:		1.006.000
Check:		SOFTWARE\JavaSoft\Java Development Kit\1.6.0_45
Ignore:		1.006.000_045
Check:		SOFTWARE\JavaSoft\Java Development Kit\1.8
Ignore:		1.008.000
Check:		SOFTWARE\JavaSoft\Java Development Kit\1.8.0_191
Ignore:		1.008.000_191
Check:		SOFTWARE\JavaSoft\Java Development Kit\1.8.0_211
Ignore:		1.008.000_211
Check:		SOFTWARE\JavaSoft\Java Development Kit\1.8.0_221
Ignore:		1.008.000_221
64-bit search:	SOFTWARE\JavaSoft\JRE...
64-bit search:	SOFTWARE\JavaSoft\JDK...
Check:		SOFTWARE\JavaSoft\JDK\11.0.1
Check launcher:	C:\Program Files\Java\jdk-11.0.1\bin\javaw.exe (OK)
Match:		1.011.000_001
Runtime used:	1.011.000_001 (64-bit)
Launcher:	C:\Program Files\Java\jdk-11.0.1\bin\javaw.exe
Launcher args:	-jar "E:\LINKACADEMY PROIECT FINAL 2020\2. Alte aplicatii facute de mine\ATM\ATMBun.exe"
Args length:	88/32768 chars
Exit code:	0
